\BOOKMARK [0][-]{chapter.1}{\376\377\000G\000i\000r\000i\001\137}{}% 1
\BOOKMARK [1][-]{section.1.1}{\376\377\001\060\000l\000e\000r\000i\000\040\000S\000e\000v\000i\000y\000e\000\040\000R\000O\000S\0002\000\040\000v\000e\000\040\000P\000y\000t\000h\000o\000n\000\040\000K\000u\000l\000l\000a\000n\001\061\000m\001\061\000n\001\061\000n\000\040\000\326\000n\000e\000m\000i}{chapter.1}% 2
\BOOKMARK [2][-]{subsection.1.1.1}{\376\377\001\060\000l\000e\000r\000i\000\040\000S\000e\000v\000i\000y\000e\000\040\000R\000O\000S\0002\000\040\000K\000u\000l\000l\000a\000n\001\061\000m\001\061\000n\001\061\000n\000\040\000F\000a\000y\000d\000a\000l\000a\000r\001\061}{section.1.1}% 3
\BOOKMARK [2][-]{subsection.1.1.2}{\376\377\000P\000y\000t\000h\000o\000n\000\040\000i\000l\000e\000\040\000E\000t\000k\000i\000n\000\040\000G\000e\000l\000i\001\137\000t\000i\000r\000m\000e}{section.1.1}% 4
\BOOKMARK [1][-]{section.1.2}{\376\377\001\060\000\347\000e\000r\000i\001\037\000i\000n\000\040\000A\000m\000a\000c\001\061\000\040\000v\000e\000\040\000K\000a\000p\000s\000a\000m\001\061}{chapter.1}% 5
\BOOKMARK [2][-]{subsection.1.2.1}{\376\377\001\060\000\347\000e\000r\000i\001\037\000i\000n\000\040\000A\000m\000a\000c\001\061}{section.1.2}% 6
\BOOKMARK [2][-]{subsection.1.2.2}{\376\377\001\060\000\347\000e\000r\000i\001\037\000i\000n\000\040\000K\000a\000p\000s\000a\000m\001\061}{section.1.2}% 7
\BOOKMARK [0][-]{chapter.2}{\376\377\000R\000O\000S\0002\000\040\000B\000i\000l\000e\001\137\000e\000n\000l\000e\000r\000i\000\040\000v\000e\000\040\000M\000i\000m\000a\000r\000i\000s\000i}{}% 8
\BOOKMARK [1][-]{section.2.1}{\376\377\000R\000O\000S\0002\000'\000n\000i\000n\000\040\000T\000e\000m\000e\000l\000\040\000B\000i\000l\000e\001\137\000e\000n\000l\000e\000r\000i\000\040\000v\000e\000\040\001\060\000l\000e\000r\000i\000\040\000D\000\374\000z\000e\000y\000\040\000K\000u\000l\000l\000a\000n\001\061\000m\001\061}{chapter.2}% 9
\BOOKMARK [2][-]{subsection.2.1.1}{\376\377\000N\000o\000d\000e\000'\000l\000a\000r\000,\000\040\000T\000o\000p\000i\000c\000'\000l\000e\000r\000,\000\040\000S\000e\000r\000v\000i\000c\000e\000'\000l\000e\000r\000\040\000v\000e\000\040\000A\000c\000t\000i\000o\000n\000'\000l\000a\000r}{section.2.1}% 10
\BOOKMARK [2][-]{subsection.2.1.2}{\376\377\000K\000o\000m\000p\000o\000z\000i\000t\000\040\000v\000e\000\040\000L\000i\000f\000e\000c\000y\000c\000l\000e\000\040\000N\000o\000d\000e\000'\000l\000a\000r}{section.2.1}% 11
\BOOKMARK [1][-]{section.2.2}{\376\377\000D\000D\000S\000\040\000\050\000D\000a\000t\000a\000\040\000D\000i\000s\000t\000r\000i\000b\000u\000t\000i\000o\000n\000\040\000S\000e\000r\000v\000i\000c\000e\000\051\000\040\000v\000e\000\040\000Q\000o\000S\000\040\000\050\000Q\000u\000a\000l\000i\000t\000y\000\040\000o\000f\000\040\000S\000e\000r\000v\000i\000c\000e\000\051\000\040\000P\000a\000r\000a\000m\000e\000t\000r\000e\000l\000e\000r\000i}{chapter.2}% 12
\BOOKMARK [2][-]{subsection.2.2.1}{\376\377\000D\000D\000S\000\040\000v\000e\000\040\000R\000O\000S\0002\000\040\001\060\000\347\000i\000n\000\040\000\326\000n\000e\000m\000i}{section.2.2}% 13
\BOOKMARK [2][-]{subsection.2.2.2}{\376\377\000Q\000o\000S\000\040\000P\000a\000r\000a\000m\000e\000t\000r\000e\000l\000e\000r\000i\000\040\000v\000e\000\040\000K\000u\000l\000l\000a\000n\001\061\000m\001\061}{section.2.2}% 14
\BOOKMARK [0][-]{chapter.3}{\376\377\001\060\000l\000e\000r\000i\000\040\000D\000\374\000z\000e\000y\000\040\000P\000a\000k\000e\000t\000\040\000O\000l\000u\001\137\000t\000u\000r\000m\000a\000\040\000v\000e\000\040\000Y\000\366\000n\000e\000t\000i\000m\000i}{}% 15
\BOOKMARK [1][-]{section.3.1}{\376\377\000P\000a\000k\000e\000t\000\040\000Y\000a\000p\001\061\000l\000a\000n\000d\001\061\000r\000m\000a\000s\001\061\000n\000d\000a\000\040\000P\000l\000u\000g\000i\000n\000l\000i\000b\000\040\000v\000e\000\040\000P\000l\000u\000g\000i\000n\000\040\000S\000i\000s\000t\000e\000m\000l\000e\000r\000i}{chapter.3}% 16
\BOOKMARK [2][-]{subsection.3.1.1}{\376\377\000P\000l\000u\000g\000i\000n\000l\000i\000b\000\040\000K\000\374\000t\000\374\000p\000h\000a\000n\000e\000s\000i\000\040\000v\000e\000\040\000K\000u\000l\000l\000a\000n\001\061\000m\001\061}{section.3.1}% 17
\BOOKMARK [2][-]{subsection.3.1.2}{\376\377\000P\000l\000u\000g\000i\000n\000\040\000S\000i\000s\000t\000e\000m\000l\000e\000r\000i\000\040\000v\000e\000\040\000P\000a\000k\000e\000t\000\040\000Y\000a\000p\001\061\000l\000a\000n\000d\001\061\000r\000m\000a\000s\001\061}{section.3.1}% 18
\BOOKMARK [1][-]{section.3.2}{\376\377\000\326\000z\000e\000l\000\040\000M\000e\000s\000a\000j\000,\000\040\000H\000i\000z\000m\000e\000t\000\040\000v\000e\000\040\000E\000y\000l\000e\000m\000\040\000T\000\374\000r\000l\000e\000r\000i\000\040\000O\000l\000u\001\137\000t\000u\000r\000m\000a}{chapter.3}% 19
\BOOKMARK [2][-]{subsection.3.2.1}{\376\377\000\326\000z\000e\000l\000\040\000M\000e\000s\000a\000j\000\040\000T\000\374\000r\000l\000e\000r\000i}{section.3.2}% 20
\BOOKMARK [2][-]{subsection.3.2.2}{\376\377\000\326\000z\000e\000l\000\040\000H\000i\000z\000m\000e\000t\000\040\000T\000\374\000r\000l\000e\000r\000i}{section.3.2}% 21
\BOOKMARK [2][-]{subsection.3.2.3}{\376\377\000\326\000z\000e\000l\000\040\000E\000y\000l\000e\000m\000\040\000T\000\374\000r\000l\000e\000r\000i}{section.3.2}% 22
\BOOKMARK [0][-]{chapter.4}{\376\377\000R\000O\000S\0002\000\040\000G\000\374\000v\000e\000n\000l\000i\000k\000\040\000\050\000S\000R\000O\000S\0002\000\051}{}% 23
\BOOKMARK [1][-]{section.4.1}{\376\377\000S\000R\000O\000S\0002\000\040\000i\000l\000e\000\040\000G\000\374\000v\000e\000n\000l\000i\000k\000l\000i\000\040\001\060\000l\000e\000t\000i\001\137\000i\000m\000\040\000S\000a\001\037\000l\000a\000m\000a}{chapter.4}% 24
\BOOKMARK [2][-]{subsection.4.1.1}{\376\377\000S\000R\000O\000S\0002\000'\000n\000i\000n\000\040\001\060\001\137\000l\000e\000v\000i\000\040\000v\000e\000\040\000A\000v\000a\000n\000t\000a\000j\000l\000a\000r\001\061}{section.4.1}% 25
\BOOKMARK [2][-]{subsection.4.1.2}{\376\377\000S\000R\000O\000S\0002\000\040\001\060\000l\000e\000\040\000G\000\374\000v\000e\000n\000l\000i\000\040\001\060\000l\000e\000t\000i\001\137\000i\000m}{section.4.1}% 26
\BOOKMARK [1][-]{section.4.2}{\376\377\000S\000e\000r\000t\000i\000f\000i\000k\000a\000\040\000Y\000\366\000n\000e\000t\000i\000m\000i\000\040\000v\000e\000\040\000G\000\374\000v\000e\000n\000l\000i\000k\000\040\000P\000o\000l\000i\000t\000i\000k\000a\000l\000a\000r\001\061}{chapter.4}% 27
\BOOKMARK [2][-]{subsection.4.2.1}{\376\377\000S\000e\000r\000t\000i\000f\000i\000k\000a\000\040\000O\000l\000u\001\137\000t\000u\000r\000m\000a\000\040\000v\000e\000\040\000Y\000\366\000n\000e\000t\000i\000m\000i}{section.4.2}% 28
\BOOKMARK [2][-]{subsection.4.2.2}{\376\377\000G\000\374\000v\000e\000n\000l\000i\000k\000\040\000P\000o\000l\000i\000t\000i\000k\000a\000l\000a\000r\001\061\000\040\000v\000e\000\040\000U\000y\000g\000u\000l\000a\000m\000a}{section.4.2}% 29
\BOOKMARK [0][-]{chapter.5}{\376\377\000R\000O\000S\0002\000\040\000v\000e\000\040\000P\000y\000t\000h\000o\000n\000\040\000i\000l\000e\000\040\000T\000e\000s\000t\000\040\000v\000e\000\040\000E\000n\000t\000e\000g\000r\000a\000s\000y\000o\000n}{}% 30
\BOOKMARK [1][-]{section.5.1}{\376\377\000B\000i\000r\000i\000m\000\040\000v\000e\000\040\000E\000n\000t\000e\000g\000r\000a\000s\000y\000o\000n\000\040\000T\000e\000s\000t\000l\000e\000r\000i\000\040\000Y\000a\000z\000m\000a}{chapter.5}% 31
\BOOKMARK [2][-]{subsection.5.1.1}{\376\377\000B\000i\000r\000i\000m\000\040\000T\000e\000s\000t\000l\000e\000r\000i\000n\000i\000n\000\040\000\326\000n\000e\000m\000i\000\040\000v\000e\000\040\000K\000a\000p\000s\000a\000m\001\061}{section.5.1}% 32
\BOOKMARK [2][-]{subsection.5.1.2}{\376\377\000P\000y\000t\000h\000o\000n\000\040\000v\000e\000\040\000R\000O\000S\0002\000\040\001\060\000l\000e\000\040\000B\000i\000r\000i\000m\000\040\000T\000e\000s\000t\000l\000e\000r\000i\000\040\000O\000l\000u\001\137\000t\000u\000r\000m\000a}{section.5.1}% 33
\BOOKMARK [2][-]{subsection.5.1.3}{\376\377\000E\000n\000t\000e\000g\000r\000a\000s\000y\000o\000n\000\040\000T\000e\000s\000t\000l\000e\000r\000i\000n\000i\000n\000\040\000\326\000n\000e\000m\000i\000\040\000v\000e\000\040\000K\000a\000p\000s\000a\000m\001\061}{section.5.1}% 34
\BOOKMARK [2][-]{subsection.5.1.4}{\376\377\000P\000y\000t\000h\000o\000n\000\040\000v\000e\000\040\000R\000O\000S\0002\000\040\001\060\000l\000e\000\040\000E\000n\000t\000e\000g\000r\000a\000s\000y\000o\000n\000\040\000T\000e\000s\000t\000l\000e\000r\000i\000\040\000O\000l\000u\001\137\000t\000u\000r\000m\000a}{section.5.1}% 35
\BOOKMARK [1][-]{section.5.2}{\376\377\000S\000\374\000r\000e\000k\000l\000i\000\040\000E\000n\000t\000e\000g\000r\000a\000s\000y\000o\000n\000\040\000v\000e\000\040\000S\000\374\000r\000e\000k\000l\000i\000\040\000D\000a\001\037\001\061\000t\001\061\000m\000\040\000\050\000C\000I\000/\000C\000D\000\051\000\040\000S\000\374\000r\000e\000\347\000l\000e\000r\000i\000n\000i\000n\000\040\000U\000y\000g\000u\000l\000a\000n\000m\000a\000s\001\061}{chapter.5}% 36
\BOOKMARK [2][-]{subsection.5.2.1}{\376\377\000C\000I\000/\000C\000D\000'\000n\000i\000n\000\040\000\326\000n\000e\000m\000i\000\040\000v\000e\000\040\000K\000a\000p\000s\000a\000m\001\061}{section.5.2}% 37
\BOOKMARK [2][-]{subsection.5.2.2}{\376\377\000C\000I\000/\000C\000D\000\040\000A\000r\000a\000\347\000l\000a\000r\001\061\000\040\000v\000e\000\040\000U\000y\000g\000u\000l\000a\000m\000a\000\040\000S\000\374\000r\000e\000c\000i}{section.5.2}% 38
\BOOKMARK [0][-]{chapter.6}{\376\377\000R\000O\000S\0002\000\040\000v\000e\000\040\000G\000e\000r\000\347\000e\000k\000\040\000Z\000a\000m\000a\000n\000l\001\061\000\040\000S\000i\000s\000t\000e\000m\000l\000e\000r\000\040\000\050\000R\000e\000a\000l\000-\000T\000i\000m\000e\000\051}{}% 39
\BOOKMARK [1][-]{section.6.1}{\376\377\000G\000e\000r\000\347\000e\000k\000\040\000Z\000a\000m\000a\000n\000l\001\061\000\040\000S\000i\000s\000t\000e\000m\000l\000e\000r\000i\000n\000\040\000\326\000n\000e\000m\000i\000\040\000v\000e\000\040\000G\000e\000r\000e\000k\000l\000i\000l\000i\000k\000l\000e\000r\000i}{chapter.6}% 40
\BOOKMARK [2][-]{subsection.6.1.1}{\376\377\000G\000e\000r\000\347\000e\000k\000\040\000Z\000a\000m\000a\000n\000l\001\061\000\040\000S\000i\000s\000t\000e\000m\000l\000e\000r\000i\000n\000\040\000T\000a\000n\001\061\000m\001\061\000\040\000v\000e\000\040\000\326\000z\000e\000l\000l\000i\000k\000l\000e\000r\000i}{section.6.1}% 41
\BOOKMARK [2][-]{subsection.6.1.2}{\376\377\000G\000e\000r\000\347\000e\000k\000\040\000Z\000a\000m\000a\000n\000l\001\061\000\040\000S\000i\000s\000t\000e\000m\000\040\000G\000e\000r\000e\000k\000l\000i\000l\000i\000k\000l\000e\000r\000i}{section.6.1}% 42
\BOOKMARK [1][-]{section.6.2}{\376\377\000R\000O\000S\0002\000\040\000v\000e\000\040\000G\000e\000r\000\347\000e\000k\000\040\000Z\000a\000m\000a\000n\000l\001\061\000\040\000P\000e\000r\000f\000o\000r\000m\000a\000n\000s\000\040\001\060\000y\000i\000l\000e\001\137\000t\000i\000r\000m\000e\000l\000e\000r\000i}{chapter.6}% 43
\BOOKMARK [2][-]{subsection.6.2.1}{\376\377\000R\000O\000S\0002\000'\000n\000i\000n\000\040\000G\000e\000r\000\347\000e\000k\000\040\000Z\000a\000m\000a\000n\000l\001\061\000\040\000\326\000z\000e\000l\000l\000i\000k\000l\000e\000r\000i}{section.6.2}% 44
\BOOKMARK [2][-]{subsection.6.2.2}{\376\377\000R\000O\000S\0002\000\040\000G\000e\000r\000\347\000e\000k\000\040\000Z\000a\000m\000a\000n\000l\001\061\000\040\000P\000e\000r\000f\000o\000r\000m\000a\000n\000s\000\040\001\060\000y\000i\000l\000e\001\137\000t\000i\000r\000m\000e\000l\000e\000r\000i}{section.6.2}% 45
\BOOKMARK [0][-]{chapter.7}{\376\377\001\060\000l\000e\000r\000i\000\040\000D\000\374\000z\000e\000y\000\040\000T\000F\0002\000\040\000K\000u\000l\000l\000a\000n\001\061\000m\001\061\000\040\000v\000e\000\040\000O\000p\000t\000i\000m\000i\000z\000a\000s\000y\000o\000n}{}% 46
\BOOKMARK [1][-]{section.7.1}{\376\377\000T\000F\0002\000\040\001\060\000l\000e\000\040\000K\000a\000r\000m\000a\001\137\001\061\000k\000\040\000D\000\366\000n\000\374\001\137\000\374\000m\000\040\000Z\000i\000n\000c\000i\000r\000l\000e\000r\000i\000\040\000v\000e\000\040\000O\000p\000t\000i\000m\000i\000z\000a\000s\000y\000o\000n}{chapter.7}% 47
\BOOKMARK [2][-]{subsection.7.1.1}{\376\377\000K\000a\000r\000m\000a\001\137\001\061\000k\000\040\000D\000\366\000n\000\374\001\137\000\374\000m\000\040\000Z\000i\000n\000c\000i\000r\000l\000e\000r\000i\000n\000i\000n\000\040\000O\000l\000u\001\137\000t\000u\000r\000u\000l\000m\000a\000s\001\061}{section.7.1}% 48
\BOOKMARK [2][-]{subsection.7.1.2}{\376\377\000T\000F\0002\000\040\000i\000l\000e\000\040\000D\000\366\000n\000\374\001\137\000\374\000m\000\040\000Z\000i\000n\000c\000i\000r\000l\000e\000r\000i\000n\000i\000n\000\040\000O\000p\000t\000i\000m\000i\000z\000a\000s\000y\000o\000n\000u}{section.7.1}% 49
\BOOKMARK [1][-]{section.7.2}{\376\377\000T\000F\0002\000\040\000P\000e\000r\000f\000o\000r\000m\000a\000n\000s\000\040\000A\000n\000a\000l\000i\000z\000i\000\040\000v\000e\000\040\001\060\000y\000i\000l\000e\001\137\000t\000i\000r\000m\000e\000l\000e\000r\000i}{chapter.7}% 50
\BOOKMARK [2][-]{subsection.7.2.1}{\376\377\000T\000F\0002\000\040\000P\000e\000r\000f\000o\000r\000m\000a\000n\000s\001\061\000n\001\061\000\040\001\060\000z\000l\000e\000m\000e\000\040\000v\000e\000\040\000D\000e\001\037\000e\000r\000l\000e\000n\000d\000i\000r\000m\000e}{section.7.2}% 51
\BOOKMARK [2][-]{subsection.7.2.2}{\376\377\000T\000F\0002\000\040\001\060\000y\000i\000l\000e\001\137\000t\000i\000r\000m\000e\000l\000e\000r\000i\000\040\000v\000e\000\040\000O\000p\000t\000i\000m\000i\000z\000a\000s\000y\000o\000n\000l\000a\000r\001\061}{section.7.2}% 52
\BOOKMARK [0][-]{chapter.8}{\376\377\000R\000O\000S\0002\000\040\000i\000l\000e\000\040\000S\000i\000m\000\374\000l\000a\000s\000y\000o\000n\000\040\000v\000e\000\040\000D\000o\000n\000a\000n\001\061\000m\000\040\000E\000n\000t\000e\000g\000r\000a\000s\000y\000o\000n\000u}{}% 53
\BOOKMARK [1][-]{section.8.1}{\376\377\000G\000a\000z\000e\000b\000o\000\040\000S\000i\000m\000\374\000l\000a\000s\000y\000o\000n\000u\000\040\000v\000e\000\040\000R\000O\000S\0002\000\040\000E\000n\000t\000e\000g\000r\000a\000s\000y\000o\000n\000u}{chapter.8}% 54
\BOOKMARK [2][-]{subsection.8.1.1}{\376\377\000G\000a\000z\000e\000b\000o\000\040\000S\000i\000m\000\374\000l\000a\000s\000y\000o\000n\000u\000n\000u\000n\000\040\000T\000a\000n\001\061\000t\001\061\000l\000m\000a\000s\001\061}{section.8.1}% 55
\BOOKMARK [2][-]{subsection.8.1.2}{\376\377\000R\000O\000S\0002\000\040\001\060\000l\000e\000\040\000G\000a\000z\000e\000b\000o\000\040\000S\000i\000m\000\374\000l\000a\000s\000y\000o\000n\000\040\000E\000n\000t\000e\000g\000r\000a\000s\000y\000o\000n\000u}{section.8.1}% 56
\BOOKMARK [1][-]{section.8.2}{\376\377\000F\000a\000r\000k\000l\001\061\000\040\000R\000o\000b\000o\000t\000\040\000D\000o\000n\000a\000n\001\061\000m\001\061\000\040\000v\000e\000\040\000S\000e\000n\000s\000\366\000r\000l\000e\000r\000l\000e\000\040\000\307\000a\000l\001\061\001\137\000m\000a}{chapter.8}% 57
\BOOKMARK [2][-]{subsection.8.2.1}{\376\377\000R\000O\000S\0002\000\040\000v\000e\000\040\000R\000o\000b\000o\000t\000\040\000D\000o\000n\000a\000n\001\061\000m\000\040\000E\000n\000t\000e\000g\000r\000a\000s\000y\000o\000n\000u}{section.8.2}% 58
\BOOKMARK [2][-]{subsection.8.2.2}{\376\377\000R\000O\000S\0002\000\040\000v\000e\000\040\000S\000e\000n\000s\000\366\000r\000\040\000E\000n\000t\000e\000g\000r\000a\000s\000y\000o\000n\000u}{section.8.2}% 59
